-------------------------------------------------------------------------------
Test set: innotech.auto.TestRunner
-------------------------------------------------------------------------------
Tests run: 1, Failures: 0, Errors: 1, Skipped: 0, Time elapsed: 0.004 s <<< FAILURE! - in innotech.auto.TestRunner
initializationError(innotech.auto.TestRunner)  Time elapsed: 0.004 s  <<< ERROR!
java.lang.IllegalArgumentException: Not a file or directory: C:\Banking\hungauto-sereniry\src\test\resources\features

